2021-01-12 14:11:35.234 [main] INFO . - user input: D:\devecostudio-windows-tool-2.0.12.201\DevEco Studio\jbr\bin\java,-j,-source,@E:/CustomView/.idea/code-check/java/detect.txt,-output,E:/CustomView/.idea/code-check/java/output.xml
2021-01-12 14:11:35.236 [main] INFO . - CodeMars Version:2.1.2.sp4
2021-01-12 14:11:35.373 [main] INFO . - starting analyzing.
2021-01-12 14:11:35.417 [main] INFO . - start collecting report.
2021-01-12 14:11:35.505 [CodeMars1] INFO . - Command: "D:\devecostudio-windows-tool-2.0.12.201\DevEco Studio\plugins\codecheck\lib\CodeMars\engines\SecFinder-J\bin\run_SecFinder-J.bat",-filelist,E:\CustomView\.idea\code-check\java\filelist_2021_01_12_14_11_35_418_75.txt,-f,xml,-default,-progress,-r,E:\CustomView\.idea\code-check\java\\errorreport_2021_01_12_14_11_35_097_73.xml,-ruleclasspath,file:///E:\CustomView\.idea\code-check\java\ruleclasspath.txt
2021-01-12 14:11:36.503 [Thread-2] INFO . - 一月 12, 2021 2:11:36 下午 com.huawei.secfinderj.SecFinderJ needScan
2021-01-12 14:11:36.503 [Thread-2] INFO . - 信息: SecFinder-J Version: 2.1.3
2021-01-12 14:11:36.677 [Thread-1] INFO . - 2021-01-12 14:11:36.609: SecFinder-J Output: Inspect start...
2021-01-12 14:11:37.023 [Thread-1] INFO . - 2021-01-12 14:11:37.023: SecFinder-J Output: Load checkers...
2021-01-12 14:11:37.273 [Thread-1] INFO . - 2021-01-12 14:11:37.272: SecFinder-J Output: Load config...
2021-01-12 14:11:37.306 [Thread-1] INFO . - 2021-01-12 14:11:37.305: SecFinder-J Output: step 1/4: Find files
2021-01-12 14:11:37.435 [Thread-1] INFO . - 2021-01-12 14:11:37.432: SecFinder-J Output: step 2/4: Process files
2021-01-12 14:11:37.485 [Thread-1] INFO . - 2021-01-12 14:11:37.485: SecFinder-J Output: step 3/4: Run analysis...
2021-01-12 14:11:37.486 [Thread-1] INFO . - 2021-01-12 14:11:37.486: SecFinder-J Output: [SecFinder-J--Thread--1] - during processing of [RefreshComponent.java]
2021-01-12 14:11:38.224 [Thread-1] INFO . - 2021-01-12 14:11:38.224: SecFinder-J Output: step 4/4: Result output...
2021-01-12 14:11:38.225 [Thread-1] INFO . - 2021-01-12 14:11:38.224: SecFinder-J Output: Inspect finish...
2021-01-12 14:11:38.225 [Thread-1] INFO . - Analysis result:
2021-01-12 14:11:38.225 [Thread-1] INFO . -     files analyzed      : 1
2021-01-12 14:11:38.225 [Thread-1] INFO . -     lines analyzed      : 310
2021-01-12 14:11:38.225 [Thread-1] INFO . -     rules used          : 59
2021-01-12 14:11:38.225 [Thread-1] INFO . -     issues detected     : 0
2021-01-12 14:11:38.225 [Thread-1] INFO . -     time cost(sec)      : 1
2021-01-12 14:11:38.225 [Thread-1] INFO . - 
2021-01-12 14:11:38.225 [Thread-2] INFO . - 一月 12, 2021 2:11:38 下午 com.huawei.secfinderj.override.HwPmd end
2021-01-12 14:11:38.225 [Thread-2] INFO . - 信息: SecFinder-J run successed!
2021-01-12 14:11:38.438 [CodeMars1] INFO . - start parse errorreport xml
2021-01-12 14:11:38.457 [CodeMars1] INFO . - parse xml time : 149
2021-01-12 14:11:38.457 [CodeMars1] INFO . - end parse errorreport xml
2021-01-12 14:11:38.462 [main] INFO . - end collecting report.
2021-01-12 14:11:38.464 [main] INFO . - end analyzing.
